[00:25:01] [Server thread/INFO]: Starting minecraft server version 1.8.8
[00:25:02] [Server thread/WARN]: To start the server with more ram, launch it as "java -Xmx1024M -Xms1024M -jar minecraft_server.jar"
[00:25:02] [Server thread/INFO]: Loading properties
[00:25:02] [Server thread/INFO]: Default game type: SURVIVAL
[00:25:03] [Server thread/INFO]: This server is running PandaSpigot version git-PandaSpigot-85 (MC: 1.8.8) (Implementing API version 1.8.8-R0.1-SNAPSHOT) (Git: 158d845)
[00:25:03] [Server thread/INFO]: Server Ping Player Sample Count: 12
[00:25:03] [Server thread/INFO]: Spigot Timings: true - Verbose: true - Interval: 5m - Length: 60m
[00:25:03] [Server thread/INFO]: Using 4 threads for Netty based IO
[00:25:03] [Server thread/INFO]: Debug logging is disabled
[00:25:05] [Server thread/INFO]: Data value allowed items: 
[00:25:05] [Server thread/INFO]: Generating keypair
[00:25:05] [Server thread/INFO]: Starting Minecraft server on localhost:25565
[00:25:06] [Server thread/INFO]: Set PluginClassLoader as parallel capable
[00:25:06] [Server thread/INFO]: [ProtocolSupport] Loading ProtocolSupport v4.23.dev
[00:25:06] [Server thread/INFO]: [ProtocolSupport] Allocator: PooledByteBufAllocator(directByDefault: true), direct: true
[00:25:06] [Server thread/INFO]: [ProtocolSupport] Compression level: 3
[00:25:06] [Server thread/INFO]: [ProtocolSupport] Assume 1.5.2 ping delay: 100
[00:25:06] [Server thread/INFO]: [ProtocolSupport] Assume legacy ping dealy: 200
[00:25:06] [Server thread/INFO]: [ProtocolSupport] Login threads max count: 8, keep alive time: 60
[00:25:06] [Server thread/WARN]: [ProtocolSupport] Native transport is enabled, this may causes issues. Disable it by setting use-native-transport in server.properties to false.
[00:25:06] [Server thread/INFO]: [ProtocolSupport] Using injected ServerConnection
[00:25:06] [Server thread/INFO]: [ProtocolSupport] Enabling ProtocolSupport v4.23.dev
[00:25:06] [Server thread/WARN]: **** SERVER IS RUNNING IN OFFLINE/INSECURE MODE!
[00:25:06] [Server thread/WARN]: The server will make no attempt to authenticate usernames. Beware.
[00:25:06] [Server thread/WARN]: While this makes the game possible to play without internet access, it also opens up the ability for hackers to connect with any username they choose.
[00:25:06] [Server thread/WARN]: To change this, set "online-mode" to "true" in the server.properties file.
[00:25:06] [Server thread/INFO]: **** Beginning UUID conversion, this may take A LONG time ****
[00:25:07] [Server thread/INFO]: Preparing level "world"
[00:25:07] [Server thread/INFO]: -------- World Settings For [world] --------
[00:25:07] [Server thread/INFO]: Chunks to Grow per Tick: 650
[00:25:07] [Server thread/INFO]: Clear tick list: false
[00:25:07] [Server thread/INFO]: Experience Merge Radius: 3.0
[00:25:07] [Server thread/INFO]: Anti X-Ray: true
[00:25:07] [Server thread/INFO]: 	Engine Mode: 1
[00:25:07] [Server thread/INFO]: 	Hidden Blocks: [14, 15, 16, 21, 48, 49, 54, 56, 73, 74, 82, 129, 130]
[00:25:07] [Server thread/INFO]: 	Replace Blocks: [1, 5]
[00:25:07] [Server thread/INFO]: Mob Spawn Range: 4
[00:25:07] [Server thread/INFO]: Nerfing mobs spawned from spawners: false
[00:25:07] [Server thread/INFO]: Cactus Growth Modifier: 100%
[00:25:07] [Server thread/INFO]: Cane Growth Modifier: 100%
[00:25:07] [Server thread/INFO]: Melon Growth Modifier: 100%
[00:25:07] [Server thread/INFO]: Mushroom Growth Modifier: 100%
[00:25:07] [Server thread/INFO]: Pumpkin Growth Modifier: 100%
[00:25:07] [Server thread/INFO]: Sapling Growth Modifier: 100%
[00:25:07] [Server thread/INFO]: Wheat Growth Modifier: 100%
[00:25:07] [Server thread/INFO]: NetherWart Growth Modifier: 100%
[00:25:07] [Server thread/INFO]: Entity Activation Range: An 32 / Mo 32 / Mi 16
[00:25:07] [Server thread/INFO]: Entity Tracking Range: Pl 48 / An 48 / Mo 48 / Mi 32 / Other 64
[00:25:07] [Server thread/INFO]: Hopper Transfer: 8 Hopper Check: 8 Hopper Amount: 1
[00:25:07] [Server thread/INFO]: Random Lighting Updates: false
[00:25:07] [Server thread/INFO]: Structure Info Saving: true
[00:25:07] [Server thread/INFO]: Sending up to 10 chunks per packet
[00:25:07] [Server thread/INFO]: Max Entity Collisions: 8
[00:25:07] [Server thread/INFO]: Custom Map Seeds:  Village: 10387312 Feature: 14357617
[00:25:07] [Server thread/INFO]: Max TNT Explosions: 100
[00:25:07] [Server thread/INFO]: Tile Max Tick Time: 50ms Entity max Tick Time: 50ms
[00:25:07] [Server thread/INFO]: Item Despawn Rate: 6000
[00:25:07] [Server thread/INFO]: Item Merge Radius: 2.5
[00:25:07] [Server thread/INFO]: Arrow Despawn Rate: 1200
[00:25:07] [Server thread/INFO]: Allow Zombie Pigmen to spawn from portal blocks: true
[00:25:07] [Server thread/INFO]: View Distance: 10
[00:25:07] [Server thread/INFO]: Zombie Aggressive Towards Villager: true
[00:25:07] [Server thread/INFO]: -------- World Settings For [world] --------
[00:25:07] [Server thread/INFO]: Keep spawn chunk loaded: true
[00:25:07] [Server thread/INFO]: WorldServer TickNextTick cap set at 10000
[00:25:07] [Server thread/INFO]: WorldServer TickNextTickList cap always processes redstone: false
[00:25:07] [Server thread/INFO]: World async lighting: false
[00:25:07] [Server thread/INFO]: Remove invalid mob spawner tile entities: true
[00:25:07] [Server thread/INFO]: Living Entity Despawn Ranges:  Soft: 32 Hard: 128
[00:25:07] [Server thread/INFO]: Player blocking damage multiplier set to 0.5
[00:25:07] [Server thread/INFO]: Max height for cactus growth 3. Max height for reed growth 3
[00:25:07] [Server thread/INFO]: Squids will spawn between Y: 45.0 and Y: 63.0
[00:25:07] [Server thread/INFO]: Water over lava flow speed: 5
[00:25:07] [Server thread/INFO]: Fix TNT cannons: false
[00:25:07] [Server thread/INFO]: Allow undead horse types to be leashed: false
[00:25:07] [Server thread/INFO]: -------- World Settings For [world_nether] --------
[00:25:07] [Server thread/INFO]: Chunks to Grow per Tick: 650
[00:25:07] [Server thread/INFO]: Clear tick list: false
[00:25:07] [Server thread/INFO]: Experience Merge Radius: 3.0
[00:25:07] [Server thread/INFO]: Anti X-Ray: true
[00:25:07] [Server thread/INFO]: 	Engine Mode: 1
[00:25:07] [Server thread/INFO]: 	Hidden Blocks: [14, 15, 16, 21, 48, 49, 54, 56, 73, 74, 82, 129, 130]
[00:25:07] [Server thread/INFO]: 	Replace Blocks: [1, 5]
[00:25:07] [Server thread/INFO]: Mob Spawn Range: 4
[00:25:07] [Server thread/INFO]: Nerfing mobs spawned from spawners: false
[00:25:07] [Server thread/INFO]: Cactus Growth Modifier: 100%
[00:25:07] [Server thread/INFO]: Cane Growth Modifier: 100%
[00:25:07] [Server thread/INFO]: Melon Growth Modifier: 100%
[00:25:07] [Server thread/INFO]: Mushroom Growth Modifier: 100%
[00:25:07] [Server thread/INFO]: Pumpkin Growth Modifier: 100%
[00:25:07] [Server thread/INFO]: Sapling Growth Modifier: 100%
[00:25:07] [Server thread/INFO]: Wheat Growth Modifier: 100%
[00:25:07] [Server thread/INFO]: NetherWart Growth Modifier: 100%
[00:25:07] [Server thread/INFO]: Entity Activation Range: An 32 / Mo 32 / Mi 16
[00:25:07] [Server thread/INFO]: Entity Tracking Range: Pl 48 / An 48 / Mo 48 / Mi 32 / Other 64
[00:25:07] [Server thread/INFO]: Hopper Transfer: 8 Hopper Check: 8 Hopper Amount: 1
[00:25:07] [Server thread/INFO]: Random Lighting Updates: false
[00:25:07] [Server thread/INFO]: Structure Info Saving: true
[00:25:07] [Server thread/INFO]: Sending up to 10 chunks per packet
[00:25:07] [Server thread/INFO]: Max Entity Collisions: 8
[00:25:07] [Server thread/INFO]: Custom Map Seeds:  Village: 10387312 Feature: 14357617
[00:25:07] [Server thread/INFO]: Max TNT Explosions: 100
[00:25:07] [Server thread/INFO]: Tile Max Tick Time: 50ms Entity max Tick Time: 50ms
[00:25:07] [Server thread/INFO]: Item Despawn Rate: 6000
[00:25:07] [Server thread/INFO]: Item Merge Radius: 2.5
[00:25:07] [Server thread/INFO]: Arrow Despawn Rate: 1200
[00:25:07] [Server thread/INFO]: Allow Zombie Pigmen to spawn from portal blocks: true
[00:25:07] [Server thread/INFO]: View Distance: 10
[00:25:07] [Server thread/INFO]: Zombie Aggressive Towards Villager: true
[00:25:07] [Server thread/INFO]: -------- World Settings For [world_nether] --------
[00:25:07] [Server thread/INFO]: Keep spawn chunk loaded: true
[00:25:07] [Server thread/INFO]: WorldServer TickNextTick cap set at 10000
[00:25:07] [Server thread/INFO]: WorldServer TickNextTickList cap always processes redstone: false
[00:25:07] [Server thread/INFO]: World async lighting: false
[00:25:07] [Server thread/INFO]: Remove invalid mob spawner tile entities: true
[00:25:07] [Server thread/INFO]: Living Entity Despawn Ranges:  Soft: 32 Hard: 128
[00:25:07] [Server thread/INFO]: Player blocking damage multiplier set to 0.5
[00:25:07] [Server thread/INFO]: Max height for cactus growth 3. Max height for reed growth 3
[00:25:07] [Server thread/INFO]: Squids will spawn between Y: 45.0 and Y: 63.0
[00:25:07] [Server thread/INFO]: Water over lava flow speed: 5
[00:25:07] [Server thread/INFO]: Fix TNT cannons: false
[00:25:07] [Server thread/INFO]: Allow undead horse types to be leashed: false
[00:25:07] [Server thread/INFO]: -------- World Settings For [world_the_end] --------
[00:25:07] [Server thread/INFO]: Chunks to Grow per Tick: 650
[00:25:07] [Server thread/INFO]: Clear tick list: false
[00:25:07] [Server thread/INFO]: Experience Merge Radius: 3.0
[00:25:07] [Server thread/INFO]: Anti X-Ray: true
[00:25:07] [Server thread/INFO]: 	Engine Mode: 1
[00:25:07] [Server thread/INFO]: 	Hidden Blocks: [14, 15, 16, 21, 48, 49, 54, 56, 73, 74, 82, 129, 130]
[00:25:07] [Server thread/INFO]: 	Replace Blocks: [1, 5]
[00:25:07] [Server thread/INFO]: Mob Spawn Range: 4
[00:25:07] [Server thread/INFO]: Nerfing mobs spawned from spawners: false
[00:25:07] [Server thread/INFO]: Cactus Growth Modifier: 100%
[00:25:07] [Server thread/INFO]: Cane Growth Modifier: 100%
[00:25:07] [Server thread/INFO]: Melon Growth Modifier: 100%
[00:25:07] [Server thread/INFO]: Mushroom Growth Modifier: 100%
[00:25:07] [Server thread/INFO]: Pumpkin Growth Modifier: 100%
[00:25:07] [Server thread/INFO]: Sapling Growth Modifier: 100%
[00:25:07] [Server thread/INFO]: Wheat Growth Modifier: 100%
[00:25:07] [Server thread/INFO]: NetherWart Growth Modifier: 100%
[00:25:07] [Server thread/INFO]: Entity Activation Range: An 32 / Mo 32 / Mi 16
[00:25:07] [Server thread/INFO]: Entity Tracking Range: Pl 48 / An 48 / Mo 48 / Mi 32 / Other 64
[00:25:07] [Server thread/INFO]: Hopper Transfer: 8 Hopper Check: 8 Hopper Amount: 1
[00:25:07] [Server thread/INFO]: Random Lighting Updates: false
[00:25:07] [Server thread/INFO]: Structure Info Saving: true
[00:25:07] [Server thread/INFO]: Sending up to 10 chunks per packet
[00:25:07] [Server thread/INFO]: Max Entity Collisions: 8
[00:25:07] [Server thread/INFO]: Custom Map Seeds:  Village: 10387312 Feature: 14357617
[00:25:07] [Server thread/INFO]: Max TNT Explosions: 100
[00:25:07] [Server thread/INFO]: Tile Max Tick Time: 50ms Entity max Tick Time: 50ms
[00:25:07] [Server thread/INFO]: Item Despawn Rate: 6000
[00:25:07] [Server thread/INFO]: Item Merge Radius: 2.5
[00:25:07] [Server thread/INFO]: Arrow Despawn Rate: 1200
[00:25:07] [Server thread/INFO]: Allow Zombie Pigmen to spawn from portal blocks: true
[00:25:07] [Server thread/INFO]: View Distance: 10
[00:25:07] [Server thread/INFO]: Zombie Aggressive Towards Villager: true
[00:25:07] [Server thread/INFO]: -------- World Settings For [world_the_end] --------
[00:25:07] [Server thread/INFO]: Keep spawn chunk loaded: true
[00:25:07] [Server thread/INFO]: WorldServer TickNextTick cap set at 10000
[00:25:07] [Server thread/INFO]: WorldServer TickNextTickList cap always processes redstone: false
[00:25:07] [Server thread/INFO]: World async lighting: false
[00:25:07] [Server thread/INFO]: Remove invalid mob spawner tile entities: true
[00:25:07] [Server thread/INFO]: Living Entity Despawn Ranges:  Soft: 32 Hard: 128
[00:25:07] [Server thread/INFO]: Player blocking damage multiplier set to 0.5
[00:25:07] [Server thread/INFO]: Max height for cactus growth 3. Max height for reed growth 3
[00:25:07] [Server thread/INFO]: Squids will spawn between Y: 45.0 and Y: 63.0
[00:25:07] [Server thread/INFO]: Water over lava flow speed: 5
[00:25:07] [Server thread/INFO]: Fix TNT cannons: false
[00:25:07] [Server thread/INFO]: Allow undead horse types to be leashed: false
[00:25:07] [Server thread/INFO]: Preparing start region for level 0 (Seed: 8619680938207701645)
[00:25:09] [Server thread/INFO]: Preparing spawn area: 6%
[00:25:10] [Server thread/INFO]: Preparing spawn area: 20%
[00:25:11] [Server thread/INFO]: Preparing spawn area: 64%
[00:25:12] [Server thread/INFO]: Preparing spawn area: 89%
[00:25:12] [Server thread/INFO]: Preparing start region for level 1 (Seed: 8619680938207701645)
[00:25:13] [Server thread/INFO]: Preparing spawn area: 40%
[00:25:14] [Server thread/INFO]: Preparing spawn area: 88%
[00:25:15] [Server thread/INFO]: Preparing start region for level 2 (Seed: 8619680938207701645)
[00:25:16] [Server thread/INFO]: Server permissions file permissions.yml is empty, ignoring it
[00:25:16] [Server thread/INFO]: Done (9.015s)! For help, type "help" or "?"
[00:25:16] [Server thread/INFO]: Using epoll channel type
[00:25:16] [Server thread/INFO]: Timings Reset
[00:25:29] [LoginProcessingThread/INFO]: UUID of player ViggVool26 is bd807349-1320-3f63-99f8-cf80d6a4fa09
[00:25:30] [Server thread/INFO]: ViggVool26[<ip address withheld>] logged in with entity id 71 at ([world]331.5, 69.0, 263.5)
[00:25:38] [Server thread/WARN]: Can't keep up! Is the server overloaded? Running 12344ms or 246 ticks behind
